Aug 24, 2021 10:50:09 PM oracle.simplefan.impl.FanManager configure
SEVERE: attempt to configure ONS in FanManager failed with oracle.ons.NoServersAvailable: Subscription time out
OrderResource.init atpOrderPdb.getConnection():oracle.ucp.jdbc.proxy.oracle$1ucp$1jdbc$1proxy$1oracle$1ConnectionProxy$2oracle$1jdbc$1internal$1OracleConnection$$$Proxy@7cc1f72c
OrderResource.startEventConsumerIfNotStarted startEventConsumer...
Receive messages...
____________________________________________________
----------->OrderResource (container) starting at: Tue Aug 24 22:50:11 UTC 2021
____________________________________________________
Aug 24, 2021 10:50:11 PM io.helidon.microprofile.server.ServerCdiExtension addApplication
INFO: Registering JAX-RS Application: OrderApplication
Inventory before receive tracer.activeSpan():null
Aug 24, 2021 10:50:12 PM io.helidon.webserver.NettyWebServer lambda$start$7
INFO: Channel '@default' started: [id: 0x4903c142, L:/0:0:0:0:0:0:0:0:8080]
Aug 24, 2021 10:50:12 PM io.helidon.microprofile.server.ServerCdiExtension startServer
INFO: Server started on http://localhost:8080 (and all other host addresses) in 41038 milliseconds (since JVM startup).
Aug 24, 2021 10:50:13 PM io.helidon.common.HelidonFeatures features
INFO: Helidon MP 2.3.1 features: [CDI, Config, Fault Tolerance, Health, JAX-RS, Metrics, Open API, REST Client, Security, Server, Tracing]
Aug 24, 2021 10:50:15 PM io.jaegertracing.internal.reporters.LoggingReporter report
INFO: Span reported: dc87258fae1e1a8f:c5b5ed3573a7c7b4:dc87258fae1e1a8f:1 - content-write
Aug 24, 2021 10:50:15 PM io.jaegertracing.internal.reporters.LoggingReporter report
INFO: Span reported: dc87258fae1e1a8f:dc87258fae1e1a8f:0:1 - HTTP Request
Aug 24, 2021 10:50:18 PM io.jaegertracing.internal.reporters.LoggingReporter report
Aug 24, 2021 10:49:32 PM io.helidon.common.LogConfig doConfigureLogging
INFO: Logging at initialization configured using classpath: /logging.properties
Aug 24, 2021 10:49:32 PM org.jboss.weld.bootstrap.WeldStartup <clinit>
INFO: WELD-000900: 3.1.6 (Final)
Aug 24, 2021 10:49:33 PM io.helidon.microprofile.openapi.OpenApiCdiExtension <init>
INFO: OpenAPI support could not locate the Jandex index file META-INF/jandex.idx so will build an in-memory index.
This slows your app start-up and, depending on CDI configuration, might omit some type information needed for a complete OpenAPI document.
Consider using the Jandex maven plug-in during your build to create the index and add it to your app.
Aug 24, 2021 10:49:33 PM org.jboss.weld.environment.deployment.discovery.DiscoveryStrategyFactory create
INFO: WELD-ENV-000020: Using jandex for bean discovery
Aug 24, 2021 10:49:33 PM org.jboss.weld.bootstrap.WeldStartup startContainer
INFO: WELD-000101: Transactional services not available. Injection of @Inject UserTransaction not available. Transactional observers will be invoked synchronously.
Aug 24, 2021 10:49:33 PM org.jboss.weld.event.ExtensionObserverMethodImpl checkRequiredTypeAnnotations
INFO: WELD-000411: Observer method [BackedAnnotatedMethod] private io.helidon.microprofile.openapi.OpenApiCdiExtension.processAnnotatedType(@Observes ProcessAnnotatedType<X>) receives events for all annotated types. Consider restricting events using @WithAnnotations or a generic type with bounds.
Aug 24, 2021 10:49:33 PM org.jboss.weld.event.ExtensionObserverMethodImpl checkRequiredTypeAnnotations
INFO: WELD-000411: Observer method [BackedAnnotatedMethod] public org.glassfish.jersey.ext.cdi1x.internal.ProcessAllAnnotatedTypes.processAnnotatedType(@Observes ProcessAnnotatedType<?>, BeanManager) receives events for all annotated types. Consider restricting events using @WithAnnotations or a generic type with bounds.
Aug 24, 2021 10:49:36 PM io.jaegertracing.Configuration getTracer
INFO: Initialized tracer=JaegerTracer(version=Java-1.1.0, serviceName=order.msdataworkshop, reporter=CompositeReporter(reporters=[RemoteReporter(sender=HttpSender(), closeEnqueueTimeout=1000), LoggingReporter(logger=org.slf4j.impl.JDK14LoggerAdapter(io.jaegertracing.internal.reporters.LoggingReporter))]), sampler=ConstSampler(decision=true, tags={sampler.type=const, sampler.param=true}), tags={hostname=order-helidon-7df545b9d5-xkg5q, jaeger.version=Java-1.1.0, ip=10.244.1.142}, zipkinSharedRpcSpan=false, expandExceptionLogs=false, useTraceId128Bit=false)
Aug 24, 2021 10:49:36 PM io.helidon.tracing.jaeger.JaegerTracerBuilder build
INFO: Creating Jaeger tracer for 'order.msdataworkshop' configured with http://jaeger-collector.msdataworkshop:14268
Aug 24, 2021 10:49:36 PM io.helidon.microprofile.security.SecurityCdiExtension registerSecurity
INFO: Authentication provider is missing from security configuration, but security extension for microprofile is enabled (requires providers configuration at key security.providers). Security will not have any valid authentication provider
Aug 24, 2021 10:49:36 PM io.helidon.microprofile.security.SecurityCdiExtension registerSecurity
INFO: Authorization provider is missing from security configuration, but security extension for microprofile is enabled (requires providers configuration at key security.providers). ABAC provider is configured for authorization.
Order.init ContainerInitialized event for container with ID: 474d179d-d685-43c6-b565-e719ae30e260
OrderResource.init System.getenv("oracle.ucp.jdbc.PoolDataSource.orderpdb.user"):ORDERUSER
OrderResource. System.getenv("orderqueuename") ORDERQUEUE
OrderResource.System.getenv("inventoryqueuename"); inventoryqueue
INFO: Span reported: 86f9f9dd1d8e93dc:86f9f9dd1d8e93dc:0:1 - HTTP Request
Aug 24, 2021 10:50:18 PM io.jaegertracing.internal.reporters.LoggingReporter report
INFO: Span reported: 86f9f9dd1d8e93dc:568dc700a110daf3:86f9f9dd1d8e93dc:1 - content-write
Aug 24, 2021 10:50:21 PM io.jaegertracing.internal.reporters.LoggingReporter report
INFO: Span reported: a04c02df55c5870f:75459f798a30c5e5:a04c02df55c5870f:1 - content-write
Aug 24, 2021 10:50:21 PM io.jaegertracing.internal.reporters.LoggingReporter report
INFO: Span reported: a04c02df55c5870f:a04c02df55c5870f:0:1 - HTTP Request
Aug 24, 2021 10:50:24 PM io.jaegertracing.internal.reporters.LoggingReporter report
INFO: Span reported: 3e6fc7b9405ca738:3e6fc7b9405ca738:0:1 - HTTP Request
Aug 24, 2021 10:50:24 PM io.jaegertracing.internal.reporters.LoggingReporter report
INFO: Span reported: 3e6fc7b9405ca738:f274ade096153ba5:3e6fc7b9405ca738:1 - content-write
Aug 24, 2021 10:50:27 PM io.jaegertracing.internal.reporters.LoggingReporter report
INFO: Span reported: 87a7e151f322ef02:87a7e151f322ef02:0:1 - HTTP Request
Aug 24, 2021 10:50:27 PM io.jaegertracing.internal.reporters.LoggingReporter report
INFO: Span reported: 87a7e151f322ef02:13da34feac576765:87a7e151f322ef02:1 - content-write
Aug 24, 2021 10:50:30 PM io.jaegertracing.internal.reporters.LoggingReporter report
INFO: Span reported: 244d06a129f62c64:244d06a129f62c64:0:1 - HTTP Request
Aug 24, 2021 10:50:30 PM io.jaegertracing.internal.reporters.LoggingReporter report
INFO: Span reported: 244d06a129f62c64:c493478df7f4d758:244d06a129f62c64:1 - content-write
Aug 24, 2021 10:50:33 PM io.jaegertracing.internal.reporters.LoggingReporter report
INFO: Span reported: a2a2c4068de43db6:a2a2c4068de43db6:0:1 - HTTP Request
Aug 24, 2021 10:50:33 PM io.jaegertracing.internal.reporters.LoggingReporter report
INFO: Span reported: a2a2c4068de43db6:5a0d29355a60794d:a2a2c4068de43db6:1 - content-write
Aug 24, 2021 10:50:36 PM io.jaegertracing.internal.reporters.LoggingReporter report
INFO: Span reported: d70b31cd8530f56f:d70b31cd8530f56f:0:1 - HTTP Request
Aug 24, 2021 10:50:36 PM io.jaegertracing.internal.reporters.LoggingReporter report
INFO: Span reported: d70b31cd8530f56f:aaf8f017030ab4f:d70b31cd8530f56f:1 - content-write
Aug 24, 2021 10:50:39 PM io.jaegertracing.internal.reporters.LoggingReporter report
INFO: Span reported: 92979d21e1f43f49:92979d21e1f43f49:0:1 - HTTP Request
Aug 24, 2021 10:50:39 PM io.jaegertracing.internal.reporters.LoggingReporter report
INFO: Span reported: 92979d21e1f43f49:6526578f01e642fe:92979d21e1f43f49:1 - content-write
Aug 24, 2021 10:50:42 PM io.jaegertracing.internal.reporters.LoggingReporter report
INFO: Span reported: 3058824eaf9eb9c:3058824eaf9eb9c:0:1 - HTTP Request
Aug 24, 2021 10:50:42 PM io.jaegertracing.internal.reporters.LoggingReporter report
INFO: Span reported: 3058824eaf9eb9c:5ba2a5da8db0ba8c:3058824eaf9eb9c:1 - content-write
Aug 24, 2021 10:50:45 PM io.jaegertracing.internal.reporters.LoggingReporter report
INFO: Span reported: 87e1968f24e78412:87e1968f24e78412:0:1 - HTTP Request
Aug 24, 2021 10:50:45 PM io.jaegertracing.internal.reporters.LoggingReporter report
INFO: Span reported: 87e1968f24e78412:6d12f97418c27b32:87e1968f24e78412:1 - content-write
Aug 24, 2021 10:50:48 PM io.jaegertracing.internal.reporters.LoggingReporter report
INFO: Span reported: 3e11c556c549e2a:3e11c556c549e2a:0:1 - HTTP Request
Aug 24, 2021 10:50:48 PM io.jaegertracing.internal.reporters.LoggingReporter report
INFO: Span reported: 3e11c556c549e2a:510ecb40bc1da0d1:3e11c556c549e2a:1 - content-write
Aug 24, 2021 10:50:51 PM io.jaegertracing.internal.reporters.LoggingReporter report
INFO: Span reported: 66c24675d09d78ef:66c24675d09d78ef:0:1 - HTTP Request
Aug 24, 2021 10:50:51 PM io.jaegertracing.internal.reporters.LoggingReporter report
INFO: Span reported: 66c24675d09d78ef:fcf4037d244a5168:66c24675d09d78ef:1 - content-write
Aug 24, 2021 10:50:54 PM io.jaegertracing.internal.reporters.LoggingReporter report
INFO: Span reported: 54800b6c3e8f7946:54800b6c3e8f7946:0:1 - HTTP Request
Aug 24, 2021 10:50:54 PM io.jaegertracing.internal.reporters.LoggingReporter report
INFO: Span reported: 54800b6c3e8f7946:2201f892d477a570:54800b6c3e8f7946:1 - content-write
Aug 24, 2021 10:50:57 PM io.jaegertracing.internal.reporters.LoggingReporter report
INFO: Span reported: 57e8b7ac41c52b20:57e8b7ac41c52b20:0:1 - HTTP Request
Aug 24, 2021 10:50:57 PM io.jaegertracing.internal.reporters.LoggingReporter report
INFO: Span reported: 57e8b7ac41c52b20:4b4e6ee301970251:57e8b7ac41c52b20:1 - content-write